Started by user [8mha:////4IKVkEB1oLjmU+5e/rMKzm6mJjnIEJE5mm69OlnRgPYNAAAAlx+LCAAAAAAAAP9b85aBtbiIQTGjNKU4P08vOT+vOD8nVc83PyU1x6OyILUoJzMv2y+/JJUBAhiZGBgqihhk0NSjKDWzXb3RdlLBUSYGJk8GtpzUvPSSDB8G5tKinBIGIZ+sxLJE/ZzEvHT94JKizLx0a6BxUmjGOUNodHsLgAzWEgZu/dLi1CL9gsS8lEQACjKVYMAAAAA=[0mpanda
[8mha:////4D1X3QS63w3pE5UP9ey/AaHmZ3E2aNu51Hkw8//cy9qGAAAAoh+LCAAAAAAAAP9tjTEOwjAQBM8BClpKHuFItIiK1krDC0x8GCfWnbEdkooX8TX+gCESFVvtrLSa5wtWKcKBo5UdUu8otU4GP9jS5Mixv3geZcdn2TIl9igbHBs2eJyx4YwwR1SwULBGaj0nRzbDRnX6rmuvydanHMu2V1A5c4MHCFXMWcf8hSnC9jqYxPTz/BXAFEIGsfuclm8zQVqFvQAAAA==[0m[Pipeline] Start of Pipeline
[8mha:////4HulS+bv2QzuWlyEA3EMqgq3Q+pIX8LUOH2sNnlrXjbbAAAApR+LCAAAAAAAAP9tjTEOwjAUQ3+KOrAycohUghExsUZZOEFIQkgb/d8mKe3EibgadyBQiQlLlmxL1nu+oE4RjhQdby12HpP2vA+jK4lPFLtroIm3dOGaMFGwXNpJkrGnpUrKFhaxClYC1hZ1oOTRZdiIVt1VExS65pxj2Q4CKm8GeAAThZxVzN8yR9jeRpMIf5y/AJj7DGxXvP/86jduZBmjwAAAAA==[0m[Pipeline] node
Running on [8mha:////4N47BlL78V+Tuu+W2cyhIKs5XPnjOsxQt8yMGhzaBuCrAAAAnB+LCAAAAAAAAP9b85aBtbiIQTGjNKU4P08vOT+vOD8nVc83PyU1x6OyILUoJzMv2y+/JJUBAhiZGBgqihhk0NSjKDWzXb3RdlLBUSYGJk8GtpzUvPSSDB8G5tKinBIGIZ+sxLJE/ZzEvHT94JKizLx0a6BxUmjGOUNodHsLgAzWEgYB/eT83ILSktQi/eCcxLJUfQCng2qgxQAAAA==[0mSlave in /home/workspace/20210623-CICD5_2-Panda_Application
[8mha:////4Bv9W4zwEaxdvnPGwJ/qtxgLN81GhFAaVpqNXwXxTGx8AAAApR+LCAAAAAAAAP9tjTEOwjAUQ3+KOrAycoh0gA0xsUZZOEFIQkgb/d8mKe3EibgadyBQiQlLlmxL1nu+oE4RjhQdby12HpP2vA+jK4lPFLtroIm3dOGaMFGwXNpJkrGnpUrKFhaxClYC1hZ1oOTRZdiIVt1VExS65pxj2Q4CKm8GeAAThZxVzN8yR9jeRpMIf5y/AJj7DGxXvP/86jfoP95RwAAAAA==[0m[Pipeline] {
[8mha:////4DCFv+zTgUY4aU1TFlGW477J7OiKk1SakZatWFfGVbcdAAAAoh+LCAAAAAAAAP9tjTEOAiEURD9rLGwtPQTbaGWsbAmNJ0AWEZb8zwLrbuWJvJp3kLiJlZNMMm+a93rDOic4UbLcG+wdZu14DKOti0+U+lugiXu6ck2YKRguzSSpM+cFJRUDS1gDKwEbgzpQdmgLbIVXD9UGhba9lFS/o4DGdQM8gYlqLiqVL8wJdvexy4Q/z18BzLEA29ce4gdpL1fxvAAAAA==[0m[Pipeline] readMavenPom
[8mha:////4NspOOoZb2VNf3bdlq0teAnCvkKmOKXjQEBGaiCQqlftAAAAoh+LCAAAAAAAAP9tjTEOAiEURD9rLGwtPQTbGBtjZUtoPAGyiLDkfxZYdytP5NW8g8RNrJxkknnTvNcb1jnBiZLl3mDvMGvHYxhtXXyi1N8CTdzTlWvCTMFwaSZJnTkvKKkYWMIaWAnYGNSBskNbYCu8eqg2KLTtpaT6HQU0rhvgCUxUc1GpfGFOsLuPXSb8ef4KYI4F2L72ED+qfHravAAAAA==[0m[Pipeline] readMavenPom
[8mha:////4GPfAwDAA5QivVwe9/9lhD4fKrU+FXoJ41qcXdKG9rmgAAAAph+LCAAAAAAAAP9tjTEOwjAUQ3+KOrAycoh0QWJATKxRFk4QkhDSRv+3SUo7cSKuxh0IVGLCkiXbkvWeL6hThCNFx1uLncekPe/D6EriE8XuGmjiLV24JkwULJd2kmTsaamSsoVFrIKVgLVFHSh5dBk2olV31QSFrjnnWLaDgMqbAR7ARCFnFfO3zBG2t9Ekwh/nLwDmPgPbFe8/v/oNP1aWNcAAAAA=[0m[Pipeline] withEnv
[8mha:////4F+eD10NNXWYX6AkE8JOEmwrReV9OGObDhIvtKytb+SgAAAApR+LCAAAAAAAAP9tjTEOwjAUQ3+KOrAycoh0BAkxsUZZOEFIQkgb/d8mKe3EibgadyBQiQlLlmxL1nu+oE4RjhQdby12HpP2vA+jK4lPFLtroIm3dOGaMFGwXNpJkrGnpUrKFhaxClYC1hZ1oOTRZdiIVt1VExS65pxj2Q4CKm8GeAAThZxVzN8yR9jeRpMIf5y/AJj7DGxXvP/86jfpX/cvwAAAAA==[0m[Pipeline] {
[8mha:////4OjKjqIpCv+0YqKt4nypzxysOayK5CA0hSwYphn/Yg2aAAAApR+LCAAAAAAAAP9tjTEOwjAUQ3+KOrAycoh0BSEm1igLJwhJCGmj/9skpZ04EVfjDgQqMWHJkm3Jes8X1CnCkaLjrcXOY9Ke92F0JfGJYncNNPGWLlwTJgqWSztJMva0VEnZwiJWwUrA2qIOlDy6DBvRqrtqgkLXnHMs20FA5c0AD2CikLOK+VvmCNvbaBLhj/MXAHOfge2K959f/QbB16AVwAAAAA==[0m[Pipeline] stage
[8mha:////4DJ7cQB5dHMj+da6ZdFDSAaG4KgVowVDZPtxz8hb+8Y2AAAAph+LCAAAAAAAAP9tjTEOwjAQBM9BKWgpeYQDJUJUtJYbXmBiY5xYd8G+kFS8iK/xBwKRqNhqZ6XVPF9Q5gQHSl42DtuAuQ6yi72fmhwotZdIg2zoLGvCTNFJ7QZN1h1n1MQO5ogCFgqWDutIOaBnWKnG3E0VDfrqxGna9gqKYG/wAKEmM5vEXxgTrK+9zYQ/z18BjB2D2DEU283nWL4Bsam+msEAAAA=[0m[Pipeline] { (Declarative: Tool Install)
[8mha:////4DsoXqrnOrp7lYU6F5U2hICRKhSEFh6k/bbtM4nOrs7aAAAAox+LCAAAAAAAAP9tjTEOwjAQBC9BFLSUPOJCakRFa6XhBSYxxo5159gOTsWL+Bp/IBCJii1WO9vM8wXrGODIQaNV1BuKrUHvRj0vzBz6q+OMli/YMkV2ChuVG+7UacGGk4IlRQkrARtFreNoSCfYCivvsnKSdHVOYf4OAkrTDfCAQszmJEP6whRgdxu7yPTz/BXA5BOU9f5TtX8D0loxuL4AAAA=[0m[Pipeline] tool
[8mha:////4I1auzaiPhFwKKnEa8sFBKbugY0od4khAhvYM8f1oWR5AAAAox+LCAAAAAAAAP9tjTEOwjAQBC9BFLSUPOICtIgqreWGF5jYGCfWnbEdkooX8TX+QCASFVusdraZ5wuWKcKRo8XWUOcoNQ6D7+20cODYXTwP2PIZG6bE3qA0g2Rt6hklZwNzihIWAlaGGs/Jkc2wFq26q8orstUpx+k7CCidvsEDCjGZs4r5C2OEzbXXienn+SuAMWQod9tP7cMbEQkck74AAAA=[0m[Pipeline] envVarsForTool
[8mha:////4F5w66vHDkq0ylmnDYRL9Z34nh9QWzBBdN6Cjab/gZEhAAAAox+LCAAAAAAAAP9tjTEOwjAQBC9BFLSUPOICokRUaS03vMDExjix7oztkFS8iK/xBwKRqNhitbPNPF+wTBGOHC22hjpHqXEYfG+nhQPH7uJ5wJbP2DAl9galGSRrU88oORuYU5SwELAy1HhOjmyGtWjVXVVeka1OOU7fQUDp9A0eUIjJnFXMXxgjbK69Tkw/z18BjCFkKHf7T23fF9V+kL4AAAA=[0m[Pipeline] }
[8mha:////4Dy2rgHW1+FC0/RlZ//CxeZpH58UGv6x0+8Kviy+AqpAAAAApB+LCAAAAAAAAP9tjTEOwjAQBDdBFLSUPMIREg1CVLRWGl5gEmOcWHfBvpBUvIiv8QciIlGx1c4083pjmSKOHJ1qLLWeUuVVF3o3PTVwbK+BB9XwRVVMiYNVpR1Kru1pxpLFYl6WY6GxslQFTp6cYK0b8zBFMOSKs8TJHTRyX9/xRKanspgoXxgjNre+Tky/zt8Axq4T5NudINt/APjxdFm9AAAA[0m[Pipeline] // stage
[8mha:////4D+Dsjbe3mqjS8rcvHDNiiMPk+s4HYaLPlUErJC/U21GAAAApx+LCAAAAAAAAP9tjTEOwjAQBM9BKWgpeYQjCiQkREVrueEFJjbGiXUX7AtJxYv4Gn8gEImKrXZWWs3zBWVOcKDkZeOwDZjrILvY+6nJgVJ7iTTIhs6yJswUndRu0GTdcUZN7GCOKGChYOmwjpQDeoaVaszdVNGgr06cpm2voAj2Bg8QajKzSfyFMcH62ttM+PP8FcDYMYgdQ7HZfo7lG8Ln/QvBAAAA[0m[Pipeline] withEnv
[8mha:////4Ja9feN1pf2iwOyLA+p9MOmat4QF5p/ueKgqC/E9qhCEAAAApx+LCAAAAAAAAP9tjTEOwjAUQ3+LOrAycohUDLAgpq5RFk4QmhDSRv+Xn5R24kRcjTvQUokJD5ZtyXqvNxSR4UTsRGOx9RhrL7rQuymJgbi9BhpEQxdRE0YKVig7KDK2WqqiZGFRlsNKwtpiHSh6dAk2stEPXQaNrjwnnrajhNybOzwhkxM5aU7fMjJsb72JhD/OXwCMXYJ8t5/tMD+LD/s94rDCAAAA[0m[Pipeline] {
[8mha:////4C7NlmfvJvAU/b7FEjqsGM4YIAo5DETpa+UDbp3zI92mAAAApx+LCAAAAAAAAP9tjTEOwjAUQ3+LOrAycohULDAgpq5RFk4QmhDSRv+Xn5R24kRcjTvQUokJD5ZtyXqvNxSR4UTsRGOx9RhrL7rQuymJgbi9BhpEQxdRE0YKVig7KDK2WqqiZGFRlsNKwtpiHSh6dAk2stEPXQaNrjwnnrajhNybOzwhkxM5aU7fMjJsb72JhD/OXwCMXYJ8t5/tMD+LD1+IXOLCAAAA[0m[Pipeline] stage
[8mha:////4NFFwWMi07JmewjZ+KqtabB6RvJZe7VzfghuAOyFkfSSAAAApx+LCAAAAAAAAP9tjTEOwjAUQ3+LOrAycohUTCAhpq5RFk4QmhDSRv+Xn5R24kRcjTvQUokJD5ZtyXqvNxSR4UTsRGOx9RhrL7rQuymJgbi9BhpEQxdRE0YKVig7KDK2WqqiZGFRlsNKwtpiHSh6dAk2stEPXQaNrjwnnrajhNybOzwhkxM5aU7fMjJsb72JhD/OXwCMXYJ8t5/tMD+LD0rlhNLCAAAA[0m[Pipeline] { (Clear running apps)
[8mha:////4FWzjbWkq2ECk/TNydkqvKjK5DdRWESWn907QAuKyYU3AAAApB+LCAAAAAAAAP9tjTEOwjAQBC9BFLSUPOIiOhCiSmu54QUmNsaJdWdsh6TiRXyNPxCIRMUWq51t5vmCZYpw5GixNdQ5So3D4Hs7LRw4dhfPA7Z8xoYpsTcozSBZm3pGydnAnKKEhYCVocZzcmQzrEWr7qryimx1ynH6DgJKp2/wgEJM5qxi/sIYYXPtdWL6ef4KYAwZyu3uU/vwBr2eB0O+AAAA[0m[Pipeline] tool
[8mha:////4MeyWWjJIKWn1OVRvJhtuEk/mYH5v5AFxJFYO9emxxWWAAAApR+LCAAAAAAAAP9tjTEOwjAQBC9BFLSUPOICVEgoFa3lhheYxBgn1l2wHZyKF/E1/oBFJCq2WO1sM683LIOHmr3BTlNvKTQWBzeavDCx76+OE3Z8wYYpsNModZLc6tOMkqOGOUUJCwErTY3jYMlEWItOPVTlFJnqHH3+jgJK297hCYXI5qh8/MLkYXMb28D08/wVwDREKHeHXPvt8AGtm4OQvgAAAA==[0m[Pipeline] envVarsForTool
[8mha:////4JnfHOcCY/25qZSVzGXKKJowt3t1iNreuGyM0P9U+UtBAAAAqB+LCAAAAAAAAP9tjTEOwjAUQ3+LOrAycohUZUJCTF2jLpwgNCEkjf4vSUo6cSKuxh0IVGLCg2Vbst7zBVXwcCSvmVU4GAy9YaObdE4skR8ujhKzdGY9YSCnWKdSR1K1S+0oKlhUlLDisFbYOwoGdYQNt+IuaidQ16fo83bgUBp5gwcUPJOj8PFbZg/b6yQD4Y/zFwDzGKFs9tl2zedZvQHZWptXwgAAAA==[0m[Pipeline] withEnv
[8mha:////4NVWzUjT9nfCfIm9+ghKpu9CuiwGfYpDj9pMpazqZ2OMAAAAph+LCAAAAAAAAP9tjTEOwjAUQ3+DOrAycohUdEVMrFEXThCaEJJG/7dJSjpxIq7GHWipxIQHy7ZkvdcbyhjgRMFwp7GzGFvLez+aOfFMobt5ytzRlbeEkbzmjc4NKX1ea0NJw6qCwUbAVmPrKVo0CXbCyYesvERTXVKYt6MAZtUATyjETE4ypG+ZAuzvo4qEP85fAEx9AlYfFquXZ/kBAsTc3cIAAAA=[0m[Pipeline] {
[8mha:////4OuS0zaGYdtUBbcYDibyemhYyMSLDPrkenx23JVhodz+AAAAox+LCAAAAAAAAP9tjTESwiAURH/iWNhaeggyE0vHypah8QSYIEKY/wkQSeWJvJp3EM2MlVvs7NvmPV+wjgGOFDSzCgeDsTPMu0mXxTKF4eooM0sX1hFGcooJlQX16rSgoKRgSVXDisNGYecoGtQJttzKu2ycRN2cUyjfgUNt+hEeUPFiTjKkL8wBdrepj4Q/z18BzD5B3baf2vs3w5BRkb4AAAA=[0m[Pipeline] sh
+ docker rm -f pandaapp
Error: No such container: pandaapp
[8mha:////4C3zPqQ2JFQ4J24VQ7czRFgolH/z9A/kYoYPv077dkCvAAAApB+LCAAAAAAAAP9tjbEOwiAURV9rHFwd/QiaNG7GyZWw+AXYIkLJexSodPKL/DX/QbSJk3e4uecu5/mCdQxwpKCZVTgYjJ1h3k26LJYpDFdHmVm6sI4wklNMqCyoV6cFBSUFS6oaVhw2CjtH0aBOsOVW3mXjJOrmnEL5Dhxq04/wgIoXc5IhfWEOsLtNfST8ef4KYPY+Qd3uP9W+Ad3NsHm+AAAA[0m[Pipeline] }
[8mha:////4L+e6Wl1G24hJYJwhUWxTwMvwOXofQrFrjDFSCpBDWi8AAAApB+LCAAAAAAAAP9tjTEOwjAQBC9BFLSUPOIikKgQVVrLDS8wsTFOrDtjOyQVL+Jr/IFAJCq2WO1sM88XLFOEI0eLraHOUWocBt/baeHAsbt4HrDlMzZMib1BaQbJ2tQzSs4G5hQlLASsDDWekyObYS1adVeVV2SrU47TdxBQOn2DBxRiMmcV8xfGCJtrrxPTz/NXAGMIGcrd/lPbN8JP5Su+AAAA[0m[Pipeline] // withEnv
[8mha:////4C2NAb0R4+Xamn8v+mkl40RsRaypJ1Yb8D48o5c6eI3yAAAAph+LCAAAAAAAAP9tjTEOwjAQBC9BFLSUPOIiKBASSkVrueEFJjHGiXUXbAen4kV8jT9gEYmKLVY728zrDcvgoWZvsNPUWwqNxcGNJi9M7Pur44QdX7BhCuw0Sp0kt/o0o+SoYU5RwkLASlPjOFgyEdaiUw9VOUWmOkefv6OA0rZ3eEIhsjkqH78wedjcxjYw/Tx/BTANQ4Ryt8+1PXwAC9aA/74AAAA=[0m[Pipeline] }
[8mha:////4GsclN+t4qjBl35TkciC5fPUWjGLwaI+PzX9k/6qENFKAAAApR+LCAAAAAAAAP9tjTEOwjAQBC9BFLSUPOIiaFIgqrRWGl5gYmOcWHfGdkgqXsTX+AMWkajYYrWzzbzesI4BThwM9poGS7Gz6N1o8sKJw3B1PGHPF+yYIjuNrZ5aVrpZsOWkYUlRwkrARlPnOFoyCbailw9ZOUmmOqeQv6OA0qo7PKEQ2ZxkSF+YA+xuo4pMP89fAczeJygPda59/QE/GGOkvgAAAA==[0m[Pipeline] // stage
[8mha:////4C52tDTKQj1wD5zkXq4EeN6ZT4QbRoUTvNi478rcyJj3AAAAqB+LCAAAAAAAAP9tjTEOwjAUQ3+LOrAycohUMCAk1Ik16sIJQhNC0uj/kqSkEyfiatyBQCUmPFi2Jes9X1AFDw15zazC3mDoDBvcqHNiiXx/cZSYpTPrCAM5xVqVWpLqONeWooJZRQkLDkuFnaNgUEdYcSvuonYCdX2KPm8HDqWRN3hAwTM5Ch+/ZfKwvo4yEP44fwEwDRHKzS7bdv95Vm8XIOIiwgAAAA==[0m[Pipeline] stage
[8mha:////4IE3tB1pNjIcFRyn5ATXrwco8u0fZyH5MhMWVqLg9qU3AAAApx+LCAAAAAAAAP9tjTEOwjAUQ3+LOrAycohUYgIhpq5RFk4QmhDSRv+Xn5R24kRcjTvQUokJD5ZtyXqvNxSR4UTsRGOx9RhrL7rQuymJgbi9BhpEQxdRE0YKVig7KDK2WqqiZGFRlsNKwtpiHSh6dAk2stEPXQaNrjwnnrajhNybOzwhkxM5aU7fMjJsb72JhD/OXwCMXYJ8t5/tMD+LD0QKVszCAAAA[0m[Pipeline] { (Get Code)
[8mha:////4H6dyyXPshD0bJa32C/Au6xVVRUaKAVlQD98kXRvBSbkAAAApR+LCAAAAAAAAP9tjTEOwjAQBC9BFLSUPOKCoEIoFa3lhheYxBgn1l2wHZyKF/E1/oBFJCq2WO1sM683LIOHmr3BTlNvKTQWBzeavDCx76+OE3Z8wYYpsNModZLc6tOMkqOGOUUJCwErTY3jYMlEWItOPVTlFJnqHH3+jgJK297hCYXI5qh8/MLkYXMb28D08/wVwDREKHeHXPvt8AHN/bm5vgAAAA==[0m[Pipeline] tool
[8mha:////4EFFN1oqdwtfat75Y1EZ+53taoG+iXGIfMPG12yjHfxmAAAApR+LCAAAAAAAAP9tjTEOwjAQBC9BFLSUPOIioEIoFa3lhheYxBgn1l2wHZyKF/E1/oBFJCq2WO1sM683LIOHmr3BTlNvKTQWBzeavDCx76+OE3Z8wYYpsNModZLc6tOMkqOGOUUJCwErTY3jYMlEWItOPVTlFJnqHH3+jgJK297hCYXI5qh8/MLkYXMb28D08/wVwDREKHeHXPvt8AGMzKKgvgAAAA==[0m[Pipeline] envVarsForTool
[8mha:////4HrfIzyYcF/BbqORQ884ovfOXKyaooIB5MM5fos+IUOUAAAAqB+LCAAAAAAAAP9tjTEOwjAUQ3+LOrAycohUKhNCTF2jLpwgNCEkjf4vSUo6cSKuxh0IVGLCg2Vbst7zBVXwcCSvmVU4GAy9YaObdE4skR8ujhKzdGY9YSCnWKdSR1K1S+0oKlhUlLDisFbYOwoGdYQNt+IuaidQ16fo83bgUBp5gwcUPJOj8PFbZg/b6yQD4Y/zFwDzGKFs9tl2zedZvQHzLmjBwgAAAA==[0m[Pipeline] withEnv
[8mha:////4JDqTntjRXlXBRQ7XZpFVJ2Uu+X6jId6n515wSvrKG5xAAAAph+LCAAAAAAAAP9tjTEOwjAUQ3+DOrAycohUoiNiYo26cILQhJA0+r9NUtKJE3E17kBLJSY8WLYl673eUMYAJwqGO42dxdha3vvRzIlnCt3NU+aOrrwljOQ1b3RuSOnzWhtKGlYVDDYCthpbT9GiSbATTj5k5SWa6pLCvB0FMKsGeEIhZnKSIX3LFGB/H1Uk/HH+AmDqE7D6sFi9PMsPfTawssIAAAA=[0m[Pipeline] {
[8mha:////4DeYbV1e6WlRjF2baO0PD0YRYL6Cjqsck1DF9o0WCqdRAAAAox+LCAAAAAAAAP9tjTESwiAURH/iWNhaeghSxM6xsmVoPAEmiBDmfwJEUnkir+YdRDNj5RY7+7Z5zxesY4AjBc2swsFg7AzzbtJlsUxhuDrKzNKFdYSRnGJCZUG9Oi0oKClYUtWw4rBR2DmKBnWCLbfyLhsnUTfnFMp34FCbfoQHVLyYkwzpC3OA3W3qI+HP81cAs09Qt+2n9v4NGWcPtb4AAAA=[0m[Pipeline] git
The recommended git tool is: NONE
No credentials specified
Fetching changes from the remote Git repository
Checking out Revision 554a7e67de4c28d4e50d829d9cefdc9b4cf57929 (refs/remotes/origin/pipeline)
Commit message: "Changing ubuntucompose into IP address"
 > git rev-parse --resolve-git-dir /home/workspace/20210623-CICD5_2-Panda_Application/.git # timeout=10
 > git config remote.origin.url https://github.com/nygamichal/panda_applicationALL.git # timeout=10
Fetching upstream changes from https://github.com/nygamichal/panda_applicationALL.git
 > git --version # timeout=10
 > git --version # 'git version 2.17.1'
 > git fetch --tags --progress -- https://github.com/nygamichal/panda_applicationALL.git +refs/heads/*:refs/remotes/origin/* # timeout=10
 > git rev-parse refs/remotes/origin/pipeline^{commit} # timeout=10
 > git config core.sparsecheckout # timeout=10
 > git checkout -f 554a7e67de4c28d4e50d829d9cefdc9b4cf57929 # timeout=10
 > git branch -a -v --no-abbrev # timeout=10
 > git branch -D pipeline # timeout=10
 > git checkout -b pipeline 554a7e67de4c28d4e50d829d9cefdc9b4cf57929 # timeout=10
 > git rev-list --no-walk 554a7e67de4c28d4e50d829d9cefdc9b4cf57929 # timeout=10
[8mha:////4NG4/+hurLhrowCczSUyA/ofpSGIvNQdb/FYAEY102emAAAAox+LCAAAAAAAAP9tjTESwiAURH/iWNhaeghSZKwcK1uGxhNggghh/idAJJUn8mreQTQzVm6xs2+b93zBOgY4UtDMKhwMxs4w7yZdFssUhqujzCxdWEcYySkmVBbUq9OCgpKCJVUNKw4bhZ2jaFAn2HIr77JxEnVzTqF8Bw616Ud4QMWLOcmQvjAH2N2mPhL+PH8FMHufoG73n2rfGxSHer4AAAA=[0m[Pipeline] }
[8mha:////4MR4mSH45ne3T6FqsaDEpz4mDTh1Dh572QcfyLJfnwM3AAAApR+LCAAAAAAAAP9tjTEOwjAQBC9BFLSUPOIigUSDqNJabniBiY1xYt0Z2yGpeBFf4w8EIlGxxWpnm3m+YJkiHDlabA11jlLjMPjeTgsHjt3F84Atn7FhSuwNSjNI1qaeUXI2MKcoYSFgZajxnBzZDGvRqruqvCJbnXKcvoOA0ukbPKAQkzmrmL8wRthce52Yfp6/AhhDyFDu9p/avgEjVhSLvgAAAA==[0m[Pipeline] // withEnv
[8mha:////4OxVdSpIS0DF+lhjcLm4ehgePu3v2lFHHg6RiSNi7r78AAAAph+LCAAAAAAAAP9tjTEOwjAQBC9BFLSUPOIiQYEQSkVrueEFJjHGiXUXbAen4kV8jT9gEYmKLVY728zrDcvgoWZvsNPUWwqNxcGNJi9M7Pur44QdX7BhCuw0Sp0kt/o0o+SoYU5RwkLASlPjOFgyEdaiUw9VOUWmOkefv6OA0rZ3eEIhsjkqH78wedjcxjYw/Tx/BTANQ4Ryt8+1PXwAT22Bzr4AAAA=[0m[Pipeline] }
[8mha:////4M5k1PL4YkdGqx3tHqj1Elk7CZncy8Lja23aZXf3EwXBAAAApR+LCAAAAAAAAP9tjTEOwjAQBC9BFLSUPOIiQRMJUaW10vACExvjxLoztkNS8SK+xh+wiETFFqudbeb1hnUMcOJgsNc0WIqdRe9GkxdOHIar4wl7vmDHFNlpbPXUstLNgi0nDUuKElYCNpo6x9GSSbAVvXzIykky1TmF/B0FlFbd4QmFyOYkQ/rCHGB3G1Vk+nn+CmD2PkF5qHPt6w8M79BIvgAAAA==[0m[Pipeline] // stage
[8mha:////4MzRLyIVkM+6muouhCGSpXzqdSvlCZ9hRMmOhXF+0dXPAAAAqB+LCAAAAAAAAP9tjUEKwjAURH8rXbh16SFSRBBEunIbuvEEsYkxafi/JqnpyhN5Ne9gtODKWQwzA8N7vqAKHhrymlmFvcHQGTa4UefEEvn+4igxS2fWEQZyirUqtSTVca4tRQWzihIWHJYKO0fBoI6w4lbcRe0E6voUfd4OHEojb/CAgmdyFD5+y+RhfR1lIPxx/gJgGiKUm1227f7zrN4G+MlPwgAAAA==[0m[Pipeline] stage
[8mha:////4DPJA9W61/Q/7z5qvTGyrdT7p/C0ySAI38RT/sJkDNsBAAAAqB+LCAAAAAAAAP9tjTEOwjAUQ3+LOrAycogUCRaEOrFGXThBaEJIGv1fkpR04kRcjTsQqMSEB8u2ZL3nC6rgoSGvmVXYGwydYYMbdU4ske8vjhKzdGYdYSCnWKtSS1Id59pSVDCrKGHBYamwcxQM6ggrbsVd1E6grk/R5+3AoTTyBg8oeCZH4eO3TB7W11EGwh/nLwCmIUK53WfbbT7P6g0Z/aLSwgAAAA==[0m[Pipeline] { (Build and Junit)
[8mha:////4GvdEFjRtI6I1QwM6CwYdM/3PShOW1OQDmFSf2btEeeSAAAApB+LCAAAAAAAAP9tjTEOwjAQBC9BFLSUPOICEh2iSmu54QUmNsaJdWdsh6TiRXyNPxCIRMUWq51t5vmCZYpw5GixNdQ5So3D4Hs7LRw4dhfPA7Z8xoYpsTcozSBZm3pGydnAnKKEhYCVocZzcmQzrEWr7qryimx1ynH6DgJKp2/wgEJM5qxi/sIYYXPtdWL6ef4KYAwZyv32U7vwBl2WGva+AAAA[0m[Pipeline] tool
[8mha:////4K+qbFOdIl24zErHQd7KPCCta5xx6kpTENY+QeBKWBfhAAAApB+LCAAAAAAAAP9tjTEOwjAQBC9BFLSUPOKCEB2iSmu54QUmNsaJdWdsh6TiRXyNPxCIRMUWq51t5vmCZYpw5GixNdQ5So3D4Hs7LRw4dhfPA7Z8xoYpsTcozSBZm3pGydnAnKKEhYCVocZzcmQzrEWr7qryimx1ynH6DgJKp2/wgEJM5qxi/sIYYXPtdWL6ef4KYAwZyv32U7vwBp7FN92+AAAA[0m[Pipeline] envVarsForTool
[8mha:////4FsGC70ToTYn8TYs8bUQ96I4iaQTbzFad/HWuJ43f804AAAApx+LCAAAAAAAAP9tjTEOwjAUQ3+LOrAycogUCTbE1DXKwglCE0La6P/yk9JOnIircQdaKjHhwbItWe/1hiIynIidaCy2HmPtRRd6NyUxELfXQINo6CJqwkjBCmUHRcZWS1WULCzKclhJWFusA0WPLsFGNvqhy6DRlefE03aUkHtzhydkciInzelbRobtrTeR8Mf5C4CxS5AfdrPt52fxAb1Y41vCAAAA[0m[Pipeline] withEnv
[8mha:////4Eq+QV1VjU5Nj7b/YIV0R8MPn+8ifeK9/O5XOfNo/7gLAAAAph+LCAAAAAAAAP9tjTEOwjAUQ3+DOrAycoh0oBtiYo26cILQhJA0+r9NUtKJE3E17kBLJSY8WLYl673eUMYAJwqGO42dxdha3vvRzIlnCt3NU+aOrrwljOQ1b3RuSOnzWhtKGlYVDDYCthpbT9GiSbATTj5k5SWa6pLCvB0FMKsGeEIhZnKSIX3LFGB/H1Uk/HH+AmDqE7D6sFi9PMsPBA4E38IAAAA=[0m[Pipeline] {
[8mha:////4JhwjzNnzVGKDi2sNr1LdKW5CEUfA2J0Gu1+TLkN7BkXAAAAox+LCAAAAAAAAP9tjTESwiAURH/iWNhaegjSxMqxsmVoPAEmiBDmfwJEUnkir+YdRDNj5RY7+7Z5zxesY4AjBc2swsFg7AzzbtJlsUxhuDrKzNKFdYSRnGJCZUG9Oi0oKClYUtWw4rBR2DmKBnWCLbfyLhsnUTfnFMp34FCbfoQHVLyYkwzpC3OA3W3qI+HP81cAs09Qt+2n9v4NSnc5Zr4AAAA=[0m[Pipeline] sh
+ mvn clean install
[INFO] Scanning for projects...
[INFO] 
[INFO] --------------------------< pl.pandait:panda >--------------------------
[INFO] Building panda 0.0.1
[INFO] --------------------------------[ jar ]---------------------------------
[INFO] 
[INFO] --- maven-clean-plugin:3.1.0:clean (default-clean) @ panda ---
[INFO] Deleting /home/workspace/20210623-CICD5_2-Panda_Application/target
[INFO] 
[INFO] --- maven-resources-plugin:3.1.0:resources (default-resources) @ panda ---
[INFO] Using 'UTF-8' encoding to copy filtered resources.
[INFO] Copying 1 resource
[INFO] Copying 2 resources
[INFO] 
[INFO] --- maven-compiler-plugin:3.8.1:compile (default-compile) @ panda ---
[INFO] Changes detected - recompiling the module!
[INFO] Compiling 2 source files to /home/workspace/20210623-CICD5_2-Panda_Application/target/classes
[INFO] 
[INFO] --- maven-compiler-plugin:3.8.1:compile (default) @ panda ---
[INFO] Changes detected - recompiling the module!
[INFO] Compiling 2 source files to /home/workspace/20210623-CICD5_2-Panda_Application/target/classes
[INFO] 
[INFO] --- maven-resources-plugin:3.1.0:testResources (default-testResources) @ panda ---
[INFO] Using 'UTF-8' encoding to copy filtered resources.
[INFO] skip non existing resourceDirectory /home/workspace/20210623-CICD5_2-Panda_Application/src/test/resources
[INFO] 
[INFO] --- maven-compiler-plugin:3.8.1:testCompile (default-testCompile) @ panda ---
[INFO] Changes detected - recompiling the module!
[INFO] Compiling 3 source files to /home/workspace/20210623-CICD5_2-Panda_Application/target/test-classes
[INFO] 
[INFO] --- maven-surefire-plugin:2.22.2:test (default-test) @ panda ---
[INFO] 
[INFO] -------------------------------------------------------
[INFO]  T E S T S
[INFO] -------------------------------------------------------
[INFO] Running pl.pandait.panda.PandaApplicationTest
20:26:48.917 [main] DEBUG org.springframework.test.context.BootstrapUtils - Instantiating CacheAwareContextLoaderDelegate from class [org.springframework.test.context.cache.DefaultCacheAwareContextLoaderDelegate]
20:26:48.927 [main] DEBUG org.springframework.test.context.BootstrapUtils - Instantiating BootstrapContext using constructor [public org.springframework.test.context.support.DefaultBootstrapContext(java.lang.Class,org.springframework.test.context.CacheAwareContextLoaderDelegate)]
20:26:48.958 [main] DEBUG org.springframework.test.context.BootstrapUtils - Instantiating TestContextBootstrapper for test class [pl.pandait.panda.PandaApplicationTest] from class [org.springframework.boot.test.context.SpringBootTestContextBootstrapper]
20:26:48.971 [main] INFO org.springframework.boot.test.context.SpringBootTestContextBootstrapper - Neither @ContextConfiguration nor @ContextHierarchy found for test class [pl.pandait.panda.PandaApplicationTest], using SpringBootContextLoader
20:26:48.975 [main] DEBUG org.springframework.test.context.support.AbstractContextLoader - Did not detect default resource location for test class [pl.pandait.panda.PandaApplicationTest]: class path resource [pl/pandait/panda/PandaApplicationTest-context.xml] does not exist
20:26:48.975 [main] DEBUG org.springframework.test.context.support.AbstractContextLoader - Did not detect default resource location for test class [pl.pandait.panda.PandaApplicationTest]: class path resource [pl/pandait/panda/PandaApplicationTestContext.groovy] does not exist
20:26:48.975 [main] INFO org.springframework.test.context.support.AbstractContextLoader - Could not detect default resource locations for test class [pl.pandait.panda.PandaApplicationTest]: no resource found for suffixes {-context.xml, Context.groovy}.
20:26:48.976 [main] INFO org.springframework.test.context.support.AnnotationConfigContextLoaderUtils - Could not detect default configuration classes for test class [pl.pandait.panda.PandaApplicationTest]: PandaApplicationTest does not declare any static, non-private, non-final, nested classes annotated with @Configuration.
20:26:49.006 [main] DEBUG org.springframework.test.context.support.ActiveProfilesUtils - Could not find an 'annotation declaring class' for annotation type [org.springframework.test.context.ActiveProfiles] and class [pl.pandait.panda.PandaApplicationTest]
20:26:49.093 [main] DEBUG org.springframework.context.annotation.ClassPathScanningCandidateComponentProvider - Identified candidate component class: file [/home/workspace/20210623-CICD5_2-Panda_Application/target/classes/pl/pandait/panda/PandaApplication.class]
20:26:49.094 [main] INFO org.springframework.boot.test.context.SpringBootTestContextBootstrapper - Found @SpringBootConfiguration pl.pandait.panda.PandaApplication for test class pl.pandait.panda.PandaApplicationTest
20:26:49.171 [main] DEBUG org.springframework.boot.test.context.SpringBootTestContextBootstrapper - @TestExecutionListeners is not present for class [pl.pandait.panda.PandaApplicationTest]: using defaults.
20:26:49.172 [main] INFO org.springframework.boot.test.context.SpringBootTestContextBootstrapper - Loaded default TestExecutionListener class names from location [META-INF/spring.factories]: [org.springframework.boot.test.mock.mockito.MockitoTestExecutionListener, org.springframework.boot.test.mock.mockito.ResetMocksTestExecutionListener, org.springframework.boot.test.autoconfigure.restdocs.RestDocsTestExecutionListener, org.springframework.boot.test.autoconfigure.web.client.MockRestServiceServerResetTestExecutionListener, org.springframework.boot.test.autoconfigure.web.servlet.MockMvcPrintOnlyOnFailureTestExecutionListener, org.springframework.boot.test.autoconfigure.web.servlet.WebDriverTestExecutionListener, org.springframework.test.context.web.ServletTestExecutionListener, org.springframework.test.context.support.DirtiesContextBeforeModesTestExecutionListener, org.springframework.test.context.support.DependencyInjectionTestExecutionListener, org.springframework.test.context.support.DirtiesContextTestExecutionListener, org.springframework.test.context.transaction.TransactionalTestExecutionListener, org.springframework.test.context.jdbc.SqlScriptsTestExecutionListener, org.springframework.test.context.event.EventPublishingTestExecutionListener]
20:26:49.179 [main] DEBUG org.springframework.boot.test.context.SpringBootTestContextBootstrapper - Skipping candidate TestExecutionListener [org.springframework.test.context.transaction.TransactionalTestExecutionListener] due to a missing dependency. Specify custom listener classes or make the default listener classes and their required dependencies available. Offending class: [org/springframework/transaction/interceptor/TransactionAttributeSource]
20:26:49.180 [main] DEBUG org.springframework.boot.test.context.SpringBootTestContextBootstrapper - Skipping candidate TestExecutionListener [org.springframework.test.context.jdbc.SqlScriptsTestExecutionListener] due to a missing dependency. Specify custom listener classes or make the default listener classes and their required dependencies available. Offending class: [org/springframework/transaction/interceptor/TransactionAttribute]
20:26:49.180 [main] INFO org.springframework.boot.test.context.SpringBootTestContextBootstrapper - Using TestExecutionListeners: [org.springframework.test.context.web.ServletTestExecutionListener@79c97cb, org.springframework.test.context.support.DirtiesContextBeforeModesTestExecutionListener@2d9caaeb, org.springframework.boot.test.mock.mockito.MockitoTestExecutionListener@42a15bdc, org.springframework.boot.test.autoconfigure.SpringBootDependencyInjectionTestExecutionListener@44a59da3, org.springframework.test.context.support.DirtiesContextTestExecutionListener@27e47833, org.springframework.test.context.event.EventPublishingTestExecutionListener@6f6745d6, org.springframework.boot.test.mock.mockito.ResetMocksTestExecutionListener@27508c5d, org.springframework.boot.test.autoconfigure.restdocs.RestDocsTestExecutionListener@4f704591, org.springframework.boot.test.autoconfigure.web.client.MockRestServiceServerResetTestExecutionListener@4b5189ac, org.springframework.boot.test.autoconfigure.web.servlet.MockMvcPrintOnlyOnFailureTestExecutionListener@1e4d3ce5, org.springframework.boot.test.autoconfigure.web.servlet.WebDriverTestExecutionListener@3ddc6915]
20:26:49.182 [main] DEBUG org.springframework.test.context.support.AbstractDirtiesContextTestExecutionListener - Before test class: context [DefaultTestContext@6d7fc27 testClass = PandaApplicationTest, testInstance = [null], testMethod = [null], testException = [null], mergedContextConfiguration = [WebMergedContextConfiguration@45ac5f9b testClass = PandaApplicationTest, locations = '{}', classes = '{class pl.pandait.panda.PandaApplication}', contextInitializerClasses = '[]', activeProfiles = '{}', propertySourceLocations = '{}', propertySourceProperties = '{org.springframework.boot.test.context.SpringBootTestContextBootstrapper=true}', contextCustomizers = set[org.springframework.boot.test.context.filter.ExcludeFilterContextCustomizer@f2ff811, org.springframework.boot.test.json.DuplicateJsonObjectContextCustomizerFactory$DuplicateJsonObjectContextCustomizer@2a266d09, org.springframework.boot.test.mock.mockito.MockitoContextCustomizer@0, org.springframework.boot.test.web.client.TestRestTemplateContextCustomizer@c03cf28, org.springframework.boot.test.autoconfigure.properties.PropertyMappingContextCustomizer@0, org.springframework.boot.test.autoconfigure.web.servlet.WebDriverContextCustomizerFactory$Customizer@55b53d44], resourceBasePath = 'src/main/webapp', contextLoader = 'org.springframework.boot.test.context.SpringBootContextLoader', parent = [null]], attributes = map['org.springframework.test.context.web.ServletTestExecutionListener.activateListener' -> true]], class annotated with @DirtiesContext [false] with mode [null].
20:26:49.210 [main] DEBUG org.springframework.test.context.support.TestPropertySourceUtils - Adding inlined properties to environment: {spring.jmx.enabled=false, org.springframework.boot.test.context.SpringBootTestContextBootstrapper=true, server.port=-1}

  .   ____          _            __ _ _
 /\\ / ___'_ __ _ _(_)_ __  __ _ \ \ \ \
( ( )\___ | '_ | '_| | '_ \/ _` | \ \ \ \
 \\/  ___)| |_)| | | | | || (_| |  ) ) ) )
  '  |____| .__|_| |_|_| |_\__, | / / / /
 =========|_|==============|___/=/_/_/_/
 :: Spring Boot ::        (v2.2.4.RELEASE)

2022-01-03 20:26:49.536  INFO 3744 --- [           main] pl.pandait.panda.PandaApplicationTest    : Starting PandaApplicationTest on 53a4ff6799f8 with PID 3744 (started by root in /home/workspace/20210623-CICD5_2-Panda_Application)
2022-01-03 20:26:49.537  INFO 3744 --- [           main] pl.pandait.panda.PandaApplicationTest    : No active profile set, falling back to default profiles: default
2022-01-03 20:26:50.576  INFO 3744 --- [           main] o.s.s.concurrent.ThreadPoolTaskExecutor  : Initializing ExecutorService 'applicationTaskExecutor'
2022-01-03 20:26:50.627  INFO 3744 --- [           main] o.s.b.a.w.s.WelcomePageHandlerMapping    : Adding welcome page: class path resource [static/index.html]
2022-01-03 20:26:50.743  INFO 3744 --- [           main] pl.pandait.panda.PandaApplicationTest    : Started PandaApplicationTest in 1.515 seconds (JVM running for 2.309)
[INFO] Tests run: 1, Failures: 0, Errors: 0, Skipped: 0, Time elapsed: 2.169 s - in pl.pandait.panda.PandaApplicationTest
[INFO] Running pl.pandait.panda.HelloControllerTest
2022-01-03 20:26:51.011  INFO 3744 --- [           main] .b.t.c.SpringBootTestContextBootstrapper : Neither @ContextConfiguration nor @ContextHierarchy found for test class [pl.pandait.panda.HelloControllerTest], using SpringBootContextLoader
2022-01-03 20:26:51.012  INFO 3744 --- [           main] o.s.t.c.support.AbstractContextLoader    : Could not detect default resource locations for test class [pl.pandait.panda.HelloControllerTest]: no resource found for suffixes {-context.xml, Context.groovy}.
2022-01-03 20:26:51.012  INFO 3744 --- [           main] t.c.s.AnnotationConfigContextLoaderUtils : Could not detect default configuration classes for test class [pl.pandait.panda.HelloControllerTest]: HelloControllerTest does not declare any static, non-private, non-final, nested classes annotated with @Configuration.
2022-01-03 20:26:51.013  INFO 3744 --- [           main] .b.t.c.SpringBootTestContextBootstrapper : Found @SpringBootConfiguration pl.pandait.panda.PandaApplication for test class pl.pandait.panda.HelloControllerTest
2022-01-03 20:26:51.014  INFO 3744 --- [           main] .b.t.c.SpringBootTestContextBootstrapper : Loaded default TestExecutionListener class names from location [META-INF/spring.factories]: [org.springframework.boot.test.mock.mockito.MockitoTestExecutionListener, org.springframework.boot.test.mock.mockito.ResetMocksTestExecutionListener, org.springframework.boot.test.autoconfigure.restdocs.RestDocsTestExecutionListener, org.springframework.boot.test.autoconfigure.web.client.MockRestServiceServerResetTestExecutionListener, org.springframework.boot.test.autoconfigure.web.servlet.MockMvcPrintOnlyOnFailureTestExecutionListener, org.springframework.boot.test.autoconfigure.web.servlet.WebDriverTestExecutionListener, org.springframework.test.context.web.ServletTestExecutionListener, org.springframework.test.context.support.DirtiesContextBeforeModesTestExecutionListener, org.springframework.test.context.support.DependencyInjectionTestExecutionListener, org.springframework.test.context.support.DirtiesContextTestExecutionListener, org.springframework.test.context.transaction.TransactionalTestExecutionListener, org.springframework.test.context.jdbc.SqlScriptsTestExecutionListener, org.springframework.test.context.event.EventPublishingTestExecutionListener]
2022-01-03 20:26:51.014  INFO 3744 --- [           main] .b.t.c.SpringBootTestContextBootstrapper : Using TestExecutionListeners: [org.springframework.test.context.web.ServletTestExecutionListener@53f0d09c, org.springframework.test.context.support.DirtiesContextBeforeModesTestExecutionListener@47acd13b, org.springframework.boot.test.mock.mockito.MockitoTestExecutionListener@6f8e9d06, org.springframework.boot.test.autoconfigure.SpringBootDependencyInjectionTestExecutionListener@77d381e6, org.springframework.test.context.support.DirtiesContextTestExecutionListener@2272cbb0, org.springframework.test.context.event.EventPublishingTestExecutionListener@3f6f3cc, org.springframework.boot.test.mock.mockito.ResetMocksTestExecutionListener@180b3819, org.springframework.boot.test.autoconfigure.restdocs.RestDocsTestExecutionListener@733c464f, org.springframework.boot.test.autoconfigure.web.client.MockRestServiceServerResetTestExecutionListener@47272cd3, org.springframework.boot.test.autoconfigure.web.servlet.MockMvcPrintOnlyOnFailureTestExecutionListener@73fbdf68, org.springframework.boot.test.autoconfigure.web.servlet.WebDriverTestExecutionListener@32f1fafe]

  .   ____          _            __ _ _
 /\\ / ___'_ __ _ _(_)_ __  __ _ \ \ \ \
( ( )\___ | '_ | '_| | '_ \/ _` | \ \ \ \
 \\/  ___)| |_)| | | | | || (_| |  ) ) ) )
  '  |____| .__|_| |_|_| |_\__, | / / / /
 =========|_|==============|___/=/_/_/_/
 :: Spring Boot ::        (v2.2.4.RELEASE)

2022-01-03 20:26:51.030  INFO 3744 --- [           main] pl.pandait.panda.HelloControllerTest     : Starting HelloControllerTest on 53a4ff6799f8 with PID 3744 (started by root in /home/workspace/20210623-CICD5_2-Panda_Application)
2022-01-03 20:26:51.030  INFO 3744 --- [           main] pl.pandait.panda.HelloControllerTest     : No active profile set, falling back to default profiles: default
2022-01-03 20:26:51.263  INFO 3744 --- [           main] o.s.b.w.embedded.tomcat.TomcatWebServer  : Tomcat initialized with port(s): 0 (http)
2022-01-03 20:26:51.311  INFO 3744 --- [           main] o.apache.catalina.core.StandardService   : Starting service [Tomcat]
2022-01-03 20:26:51.311  INFO 3744 --- [           main] org.apache.catalina.core.StandardEngine  : Starting Servlet engine: [Apache Tomcat/9.0.30]
2022-01-03 20:26:51.400  INFO 3744 --- [           main] o.a.c.c.C.[Tomcat].[localhost].[/]       : Initializing Spring embedded WebApplicationContext
2022-01-03 20:26:51.400  INFO 3744 --- [           main] o.s.web.context.ContextLoader            : Root WebApplicationContext: initialization completed in 369 ms
2022-01-03 20:26:51.515  INFO 3744 --- [           main] o.s.s.concurrent.ThreadPoolTaskExecutor  : Initializing ExecutorService 'applicationTaskExecutor'
2022-01-03 20:26:51.529  INFO 3744 --- [           main] o.s.b.a.w.s.WelcomePageHandlerMapping    : Adding welcome page: class path resource [static/index.html]
2022-01-03 20:26:51.806  INFO 3744 --- [           main] o.s.b.w.embedded.tomcat.TomcatWebServer  : Tomcat started on port(s): 46175 (http) with context path ''
2022-01-03 20:26:51.807  INFO 3744 --- [           main] pl.pandait.panda.HelloControllerTest     : Started HelloControllerTest in 0.791 seconds (JVM running for 3.373)
2022-01-03 20:26:51.824  INFO 3744 --- [           main] o.s.mock.web.MockServletContext          : Initializing Spring TestDispatcherServlet ''
2022-01-03 20:26:51.825  INFO 3744 --- [           main] o.s.t.web.servlet.TestDispatcherServlet  : Initializing Servlet ''
2022-01-03 20:26:51.825  INFO 3744 --- [           main] o.s.t.web.servlet.TestDispatcherServlet  : Completed initialization in 0 ms
[INFO] Tests run: 1, Failures: 0, Errors: 0, Skipped: 0, Time elapsed: 0.799 s - in pl.pandait.panda.HelloControllerTest
2022-01-03 20:26:51.870  INFO 3744 --- [extShutdownHook] o.s.s.concurrent.ThreadPoolTaskExecutor  : Shutting down ExecutorService 'applicationTaskExecutor'
2022-01-03 20:26:51.872  INFO 3744 --- [extShutdownHook] o.s.s.concurrent.ThreadPoolTaskExecutor  : Shutting down ExecutorService 'applicationTaskExecutor'
[INFO] 
[INFO] Results:
[INFO] 
[INFO] Tests run: 2, Failures: 0, Errors: 0, Skipped: 0
[INFO] 
[INFO] 
[INFO] --- maven-surefire-plugin:2.22.2:test (default) @ panda ---
[INFO] Skipping execution of surefire because it has already been run for this configuration
[INFO] 
[INFO] --- maven-jar-plugin:3.1.2:jar (default-jar) @ panda ---
[INFO] Building jar: /home/workspace/20210623-CICD5_2-Panda_Application/target/panda-0.0.1.jar
[INFO] 
[INFO] --- spring-boot-maven-plugin:2.2.4.RELEASE:repackage (repackage) @ panda ---
[INFO] Replacing main artifact with repackaged archive
[INFO] 
[INFO] --- maven-install-plugin:2.5.2:install (default-install) @ panda ---
[INFO] Installing /home/workspace/20210623-CICD5_2-Panda_Application/target/panda-0.0.1.jar to /root/.m2/repository/pl/pandait/panda/0.0.1/panda-0.0.1.jar
[INFO] Installing /home/workspace/20210623-CICD5_2-Panda_Application/pom.xml to /root/.m2/repository/pl/pandait/panda/0.0.1/panda-0.0.1.pom
[INFO] ------------------------------------------------------------------------
[INFO] BUILD SUCCESS
[INFO] ------------------------------------------------------------------------
[INFO] Total time:  7.110 s
[INFO] Finished at: 2022-01-03T20:26:52Z
[INFO] ------------------------------------------------------------------------
[8mha:////4En81GD4+dhSMoJ7PnKNB44rVIVjeyD87Umsy5tZ4V+AAAAAox+LCAAAAAAAAP9tjTESwiAURH/iWNhaegjSZGwcK1uGxhNggghh/idAJJUn8mreQTQzVm6xs2+b93zBOgY4UtDMKhwMxs4w7yZdFssUhqujzCxdWEcYySkmVBbUq9OCgpKCJVUNKw4bhZ2jaFAn2HIr77JxEnVzTqF8Bw616Ud4QMWLOcmQvjAH2N2mPhL+PH8FMHufoG73n2rfX1uR6L4AAAA=[0m[Pipeline] }
[8mha:////4PNn9q6SvFDoIBsviNwIJhGup+u5DAxG7PdCwD/dgR/9AAAApR+LCAAAAAAAAP9tjTEOwjAQBC9BFLSUPOJSgESBqNJabniBiY1xYt0Z2yGpeBFf4w8EIlGxxWpnm3m+YJkiHDlabA11jlLjMPjeTgsHjt3F84Atn7FhSuwNSjNI1qaeUXI2MKcoYSFgZajxnBzZDGvRqruqvCJbnXKcvoOA0ukbPKAQkzmrmL8wRthce52Yfp6/AhhDyFDu9p/avgFZHam9vgAAAA==[0m[Pipeline] // withEnv
[8mha:////4MAhkzxaH1CYRxqSS2gw5gttD4e80SK/4GODcLzxWxMtAAAApR+LCAAAAAAAAP9tjTEOwjAQBC9BFLSUPOJCQYGEqNJabniBiY1xYt0Z2yGpeBFf4w8EIlGxxWpnm3m+YJkiHDlabA11jlLjMPjeTgsHjt3F84Atn7FhSuwNSjNI1qaeUXI2MKcoYSFgZajxnBzZDGvRqruqvCJbnXKcvoOA0ukbPKAQkzmrmL8wRthce52Yfp6/AhhDyFDu9p/avgE2/vbVvgAAAA==[0m[Pipeline] }
[8mha:////4Lfk8z995HSsAco/cYVSUMpYY0l9CNRlowQnqmJmC1fUAAAApR+LCAAAAAAAAP9tjTEOwjAQBC9BFLSUPOJSQBMhqrRWGl5gYmOcWHfGdkgqXsTX+AMWkajYYrWzzbzesI4BThwM9poGS7Gz6N1o8sKJw3B1PGHPF+yYIjuNrZ5aVrpZsOWkYUlRwkrARlPnOFoyCbailw9ZOUmmOqeQv6OA0qo7PKEQ2ZxkSF+YA+xuo4pMP89fAczeJygPda59/QHwAzcovgAAAA==[0m[Pipeline] // stage
[8mha:////4HHV8uTnWejePxrsPMhkmRWsWw6f0Ztw/4H9BeYCkX7UAAAAqB+LCAAAAAAAAP9tjTEOwjAUQ3+LOrAycogUBlhQJ9aoCycITQhJo/9LkpJOnIircQcClZjwYNmWrPd8QRU8NOQ1swp7g6EzbHCjzokl8v3FUWKWzqwjDOQUa1VqSarjXFuKCmYVJSw4LBV2joJBHWHFrbiL2gnU9Sn6vB04lEbe4AEFz+QofPyWycP6OspA+OP8BcA0RCi3+2y7zedZvQH0nBYLwgAAAA==[0m[Pipeline] stage
[8mha:////4GQgOvSgElI+lnbv+5JJkeE12SttRNP6fNtIeSbnLn6yAAAApx+LCAAAAAAAAP9tjTEOwjAUQ3+LOrAycogUBibE1DXKwglCE0La6P/yk9JOnIircQdaKjHhwbItWe/1hiIynIidaCy2HmPtRRd6NyUxELfXQINo6CJqwkjBCmUHRcZWS1WULCzKclhJWFusA0WPLsFGNvqhy6DRlefE03aUkHtzhydkciInzelbRobtrTeR8Mf5C4CxS5AfdrPt52fxAW2++SvCAAAA[0m[Pipeline] { (Build Docker image)
[8mha:////4JV9IvKv6YD+pdH5yWZJ+OFCTYBqdy2YtSoeGBSoYQr7AAAApB+LCAAAAAAAAP9tjTEOwjAQBC9BFLSUPOIikKgQVVrLDS8wsTFOrDtjOyQVL+Jr/IFAJCq2WO1sM88XLFOEI0eLraHOUWocBt/baeHAsbt4HrDlMzZMib1BaQbJ2tQzSs4G5hQlLASsDDWekyObYS1adVeVV2SrU47TdxBQOn2DBxRiMmcV8xfGCJtrrxPTz/NXAGPIUO63n9qFN4OkKLa+AAAA[0m[Pipeline] tool
[8mha:////4OoFYQEbkGZCLb2C06A7ifsYNrQ88fiiEzbxpkhPa3FvAAAApB+LCAAAAAAAAP9tjTEOwjAQBC9BFLSUPOIihKgQVVrLDS8wsTFOrDtjOyQVL+Jr/IFAJCq2WO1sM88XLFOEI0eLraHOUWocBt/baeHAsbt4HrDlMzZMib1BaQbJ2tQzSs4G5hQlLASsDDWekyObYS1adVeVV2SrU47TdxBQOn2DBxRiMmcV8xfGCJtrrxPTz/NXAGPIUO63n9qFN8KVM6++AAAA[0m[Pipeline] envVarsForTool
[8mha:////4Jekc7pXCVe8TBGBiswlwkkGqsFqXB0/ZKXcv6rRDoQYAAAApx+LCAAAAAAAAP9tjTEOwjAUQ3+LOrAycohUSDAhpq5RFk4QmhDSRv+Xn5R24kRcjTvQUokJD5ZtyXqvNxSR4UTsRGOx9RhrL7rQuymJgbi9BhpEQxdRE0YKVig7KDK2WqqiZGFRlsNKwtpiHSh6dAk2stEPXQaNrjwnnrajhNybOzwhkxM5aU7fMjJsb72JhD/OXwCMXYL8sJttPz+LDx7wurrCAAAA[0m[Pipeline] withEnv
[8mha:////4GGKSYgZKoSWzE2cEIevmqVpTi2RM6hb/4FrI1tnyobbAAAAph+LCAAAAAAAAP9tjTEOwjAUQ3+DOrAycoh0oRNiYo26cILQhJA0+r9NUtKJE3E17kBLJSY8WLYl673eUMYAJwqGO42dxdha3vvRzIlnCt3NU+aOrrwljOQ1b3RuSOnzWhtKGlYVDDYCthpbT9GiSbATTj5k5SWa6pLCvB0FMKsGeEIhZnKSIX3LFGB/H1Uk/HH+AmDqE7D6sFi9PMsP+Y+xAMIAAAA=[0m[Pipeline] {
[8mha:////4GENXyZBWOV1lhwxzMhtulpYDaxePHGti4aBvOFMHMtTAAAAox+LCAAAAAAAAP9tjTESwiAURH/iWNhaeghSxcaxsmVoPAEmiBDmfwJEUnkir+YdRDNj5RY7+7Z5zxesY4AjBc2swsFg7AzzbtJlsUxhuDrKzNKFdYSRnGJCZUG9Oi0oKClYUtWw4rBR2DmKBnWCLbfyLhsnUTfnFMp34FCbfoQHVLyYkwzpC3OA3W3qI+HP81cAs09Qt+2n9v4NlEULJr4AAAA=[0m[Pipeline] sh
+ mvn package -Pdocker -Dmaven.test.skip=true
[INFO] Scanning for projects...
[INFO] 
[INFO] --------------------------< pl.pandait:panda >--------------------------
[INFO] Building panda 0.0.1
[INFO] --------------------------------[ jar ]---------------------------------
[INFO] 
[INFO] --- maven-resources-plugin:3.1.0:resources (default-resources) @ panda ---
[INFO] Using 'UTF-8' encoding to copy filtered resources.
[INFO] Copying 1 resource
[INFO] Copying 2 resources
[INFO] 
[INFO] --- maven-compiler-plugin:3.8.1:compile (default-compile) @ panda ---
[INFO] Nothing to compile - all classes are up to date
[INFO] 
[INFO] --- maven-compiler-plugin:3.8.1:compile (default) @ panda ---
[INFO] Nothing to compile - all classes are up to date
[INFO] 
[INFO] --- maven-resources-plugin:3.1.0:testResources (default-testResources) @ panda ---
[INFO] Not copying test resources
[INFO] 
[INFO] --- maven-compiler-plugin:3.8.1:testCompile (default-testCompile) @ panda ---
[INFO] Not compiling test sources
[INFO] 
[INFO] --- maven-surefire-plugin:2.22.2:test (default-test) @ panda ---
[INFO] Tests are skipped.
[INFO] 
[INFO] --- maven-jar-plugin:3.1.2:jar (default-jar) @ panda ---
[INFO] Building jar: /home/workspace/20210623-CICD5_2-Panda_Application/target/panda-0.0.1.jar
[INFO] 
[INFO] --- spring-boot-maven-plugin:2.2.4.RELEASE:repackage (repackage) @ panda ---
[INFO] Replacing main artifact with repackaged archive
[INFO] 
[INFO] --- dockerfile-maven-plugin:1.4.13:build (default) @ panda ---
[INFO] dockerfile: null
[INFO] contextDirectory: /home/workspace/20210623-CICD5_2-Panda_Application
[INFO] Building Docker context /home/workspace/20210623-CICD5_2-Panda_Application
[INFO] Path(dockerfile): null
[INFO] Path(contextDirectory): /home/workspace/20210623-CICD5_2-Panda_Application
[INFO] 
[INFO] Image will be built as panda:0.0.1
[INFO] 
[INFO] Step 1/4 : FROM openjdk:11.0
[INFO] 
[INFO] Pulling from library/openjdk
[INFO] Digest: sha256:33c346c637ebb17823cbeda4d4e5601c66262752dadcae559a03b090f6505a47
[INFO] Status: Image is up to date for openjdk:11.0
[INFO]  ---> 5505a9a39df1
[INFO] Step 2/4 : ARG JAR_FILE=target/*.jar
[INFO] 
[INFO]  ---> Using cache
[INFO]  ---> 9a20f40ab22a
[INFO] Step 3/4 : COPY ${JAR_FILE} app.jar
[INFO] 
[INFO]  ---> 7b263362d6df
[INFO] Step 4/4 : ENTRYPOINT ["java","-jar","/app.jar"]
[INFO] 
[INFO]  ---> Running in 0d24a90f7611
[INFO] Removing intermediate container 0d24a90f7611
[INFO]  ---> f2216c49b3db
[INFO] Successfully built f2216c49b3db
[INFO] Successfully tagged panda:0.0.1
[INFO] 
[INFO] Detected build of image with id f2216c49b3db
[INFO] Building jar: /home/workspace/20210623-CICD5_2-Panda_Application/target/panda-0.0.1-docker-info.jar
[INFO] Successfully built panda:0.0.1
[INFO] ------------------------------------------------------------------------
[INFO] BUILD SUCCESS
[INFO] ------------------------------------------------------------------------
[INFO] Total time:  6.892 s
[INFO] Finished at: 2022-01-03T20:27:01Z
[INFO] ------------------------------------------------------------------------
[8mha:////4A2dETXif8b73RrQLtlobvsXpbb5I/SuI7EJ1IqjdPCkAAAAox+LCAAAAAAAAP9tjTESwiAURH/iWNhaeghSZSwcK1uGxhNggghh/idAJJUn8mreQTQzVm6xs2+b93zBOgY4UtDMKhwMxs4w7yZdFssUhqujzCxdWEcYySkmVBbUq9OCgpKCJVUNKw4bhZ2jaFAn2HIr77JxEnVzTqF8Bw616Ud4QMWLOcmQvjAH2N2mPhL+PH8FMHufoG73n2rfmYKm674AAAA=[0m[Pipeline] }
[8mha:////4FUucjqUHO9omU3bWlKNx7oNCxsZGmaSe/IR5Th2Oy5BAAAApR+LCAAAAAAAAP9tjTEOwjAQBC9BFLSUPOLSgISEqNJabniBiY1xYt0Z2yGpeBFf4w8EIlGxxWpnm3m+YJkiHDlabA11jlLjMPjeTgsHjt3F84Atn7FhSuwNSjNI1qaeUXI2MKcoYSFgZajxnBzZDGvRqruqvCJbnXKcvoOA0ukbPKAQkzmrmL8wRthce52Yfp6/AhhDyFDu9p/avgHaAPdtvgAAAA==[0m[Pipeline] // withEnv
[8mha:////4EOopc5146W1x0weonfxXV+PXiCPfcDqII782GYVBaHCAAAApR+LCAAAAAAAAP9tjTEOwjAQBC9BFLSUPOIiCgqEqNJabniBiY1xYt0Z2yGpeBFf4w8EIlGxxWpnm3m+YJkiHDlabA11jlLjMPjeTgsHjt3F84Atn7FhSuwNSjNI1qaeUXI2MKcoYSFgZajxnBzZDGvRqruqvCJbnXKcvoOA0ukbPKAQkzmrmL8wRthce52Yfp6/AhhDyFDu9p/avgHwJ8HWvgAAAA==[0m[Pipeline] }
[8mha:////4OiN/EsI2REt278oPybV0mBx8vilFkR4r09P9MbLq5TtAAAApB+LCAAAAAAAAP9tjTEOwjAQBC9BFLSUPOKSBhpEldZKwwtMbIwT687YDknFi/gaf8AiEhVbrHa2mdcb1jHAiYPBXtNgKXYWvRtNXjhxGK6OJ+z5gh1TZKex1VPLSjcLtpw0LClKWAnYaOocR0smwVb08iErJ8lU5xTydxRQWnWHJxQim5MM6QtzgN1tVJHp5/krgNn7BOWhzrWvPzNcIbe+AAAA[0m[Pipeline] // stage
[8mha:////4FzsWP6jjy0PyDqeBPT+rlkVg+aYZjdiu/C5/FY6y1opAAAApx+LCAAAAAAAAP9tjTEOwjAUQ3+DOrAycohUXbogJtaoCycIaQhJo//bJKWdOBFX4w4EKjHhwbItWe/5gjIGOFIw3GnsLUZl+eAnkxOfKfRXTzN3dOGKMJLXvNVzS50+rbWlpGFVwWAjYKtReYoWTYKdcPIuKy/RVOcU8nYQwGw3wgMKkclJhvQtS4D9beoi4Y/zFwDLkIDVTbam/jzLN8xVovHCAAAA[0m[Pipeline] stage
[8mha:////4KpWUqyDW7F2giFjkTQ06MUkBaJYgjZroN8aHB5xp+tMAAAApx+LCAAAAAAAAP9tjTEOwjAUQ3+LOrAycohUMLAgpq5RFk4QmhDSRv+Xn5R24kRcjTvQUokJD5ZtyXqvNxSR4UTsRGOx9RhrL7rQuymJgbi9BhpEQxdRE0YKVig7KDK2WqqiZGFRlsNKwtpiHSh6dAk2stEPXQaNrjwnnrajhNybOzwhkxM5aU7fMjJsb72JhD/OXwCMXYL8sJttPz+LD27blSrCAAAA[0m[Pipeline] { (Run Docker app)
[8mha:////4B8DlaSZQjeGF8fzd4loQCGR7/j2MzeTrmUJyxYH3LMMAAAApR+LCAAAAAAAAP9tjTEOwjAQBC9BFLSUPOIigUSDqNJabniBiY1xYt0Z2yGpeBFf4w8EIlGxxWpnm3m+YJkiHDlabA11jlLjMPjeTgsHjt3F84Atn7FhSuwNSjNI1qaeUXI2MKcoYSFgZajxnBzZDGvRqruqvCJbnXKcvoOA0ukbPKAQkzmrmL8wRthce52Yfp6/AhhDhnK//dQuvAHlNhISvgAAAA==[0m[Pipeline] tool
[8mha:////4G6HMHSrqw3ZtDInOabvwTWZ60MbL3JaMFRQXxd0oPdoAAAApR+LCAAAAAAAAP9tjTEOwjAQBC9BFLSUPOIiIUSDqNJabniBiY1xYt0Z2yGpeBFf4w8EIlGxxWpnm3m+YJkiHDlabA11jlLjMPjeTgsHjt3F84Atn7FhSuwNSjNI1qaeUXI2MKcoYSFgZajxnBzZDGvRqruqvCJbnXKcvoOA0ukbPKAQkzmrmL8wRthce52Yfp6/AhhDhnK//dQuvAEioFNdvgAAAA==[0m[Pipeline] envVarsForTool
[8mha:////4Jj0QNN0EYEjsQ9Rfd2Y1/qHo/Wr2GbvvPcIPQxFukQqAAAAqB+LCAAAAAAAAP9tjTEOwjAUQ3+LOrAycohUQoIFMXWNsnCC0ISQNvq//KS0EyfiatyBlkpMeLBsS9Z7vaGIDCdiJxqLrcdYe9GF3k1JDMTtNdAgGrqImjBSsELZQZGx1VIVJQuLshxWEtYW60DRo0uwkY1+6DJodOU58bQdJeTe3OEJmZzISXP6lpFhe+tNJPxx/gJg7BLkh91s+/lZfADXjXKuwgAAAA==[0m[Pipeline] withEnv
[8mha:////4D6mNh+iDcbIPIDRCeYyuLEMDo64CApiOcNE4FZSUJH7AAAAph+LCAAAAAAAAP9tjTEOwjAUQ3+DOrAycoh0ogtiYo26cILQhJA0+r9NUtKJE3E17kBLJSY8WLYl673eUMYAJwqGO42dxdha3vvRzIlnCt3NU+aOrrwljOQ1b3RuSOnzWhtKGlYVDDYCthpbT9GiSbATTj5k5SWa6pLCvB0FMKsGeEIhZnKSIX3LFGB/H1Uk/HH+AmDqE7D6sFi9PMsP+urdAcIAAAA=[0m[Pipeline] {
[8mha:////4LlFe5b3BGKzTEZPS+eVEDvDg8zxucM77Onl/OG5ayJ0AAAAox+LCAAAAAAAAP9tjTESwiAURH/iWNhaegjSxcKxsmVoPAEmiBDmfwJEUnkir+YdRDNj5RY7+7Z5zxesY4AjBc2swsFg7AzzbtJlsUxhuDrKzNKFdYSRnGJCZUG9Oi0oKClYUtWw4rBR2DmKBnWCLbfyLhsnUTfnFMp34FCbfoQHVLyYkwzpC3OA3W3qI+HP81cAs09Qt+2n9v4N8tcxgr4AAAA=[0m[Pipeline] sh
+ docker run -d -p 0.0.0.0:8080:8080 --name pandaapp -t panda:0.0.1
f6e4673ad93f4a2716e24caddda50fd48908eb0e2298d08fc6ad4c3347537103
[8mha:////4Ha+NDspdKGx1N8kbQzcL7W4SPwXDBRJCZqqxPFv5s78AAAApB+LCAAAAAAAAP9tjbEOwiAURV9rHFwd/Qi6NSbGyZWw+AXYIkLJexSodPKL/DX/QbSJk3e4uecu5/mCdQxwpKCZVTgYjJ1h3k26LJYpDFdHmVm6sI4wklNMqCyoV6cFBSUFS6oaVhw2CjtH0aBOsOVW3mXjJOrmnEL5Dhxq04/wgIoXc5IhfWEOsLtNfST8ef4KYPY+Qd3uP9W+AagoPJm+AAAA[0m[Pipeline] }
[8mha:////4DThbJppk6ykKqV6hz/1C7y6+2wakBrtTThpDHYPuYZUAAAApB+LCAAAAAAAAP9tjTEOwjAQBC9BFLSUPOJSgYQQVVrLDS8wsTFOrDtjOyQVL+Jr/IFAJCq2WO1sM88XLFOEI0eLraHOUWocBt/baeHAsbt4HrDlMzZMib1BaQbJ2tQzSs4G5hQlLASsDDWekyObYS1adVeVV2SrU47TdxBQOn2DBxRiMmcV8xfGCJtrrxPTz/NXAGMIGcrd/lPbN7eqacu+AAAA[0m[Pipeline] // withEnv
[8mha:////4DZqAgoab5cvgAYIaJrV8tyH9KACkRDg+7FvM0M50dZbAAAApR+LCAAAAAAAAP9tjTEOwjAQBC9BFLSUPOKCKKBAqWgtN7zAJMY4se6C7eBUvIiv8QcsIlGxxWpnm3m9YRk81OwNdpp6S6GxOLjR5IWJfX91nLDjCzZMgZ1GqZPkVp9mlBw1zClKWAhYaWocB0smwlp06qEqp8hU5+jzdxRQ2vYOTyhENkfl4xcmD5vb2Aamn+evAKZhiFAetrn2uw9oZXXUvgAAAA==[0m[Pipeline] }
[8mha:////4M3BW9AWbdZdPBKRCS0sy6gCnBgG9hgVrMusgJHroIC9AAAApR+LCAAAAAAAAP9tjTEOwjAQBC9BFLSUPOKiNFAgqrRWGl5gYmOcWHfGdkgqXsTX+AMWkajYYrWzzbzesI4BThwM9poGS7Gz6N1o8sKJw3B1PGHPF+yYIjuNrZ5aVrpZsOWkYUlRwkrARlPnOFoyCbailw9ZOUmmOqeQv6OA0qo7PKEQ2ZxkSF+YA+xuo4pMP89fAczeJygPda59/QF35yCGvgAAAA==[0m[Pipeline] // stage
[8mha:////4M9TmVPmTWmBMBgxpcNE89TkZFxpbjev0j+eMsZ5W4mQAAAAqB+LCAAAAAAAAP9tjTEOwjAUQ3+LOrAycohUMMCAOrFGXThBaEJIGv1fkpR04kRcjTsQqMSEB8u2ZL3nC6rgoSGvmVXYGwydYYMbdU4ske8vjhKzdGYdYSCnWKtSS1Id59pSVDCrKGHBYamwcxQM6ggrbsVd1E6grk/R5+3AoTTyBg8oeCZH4eO3TB7W11EGwh/nLwCmIUK52WXbbz/P6g3WLEHRwgAAAA==[0m[Pipeline] stage
[8mha:////4GdrhrIdPYh0SycWO6RoTdFz+nYNmbEWqyLMyMvW4i9KAAAAqB+LCAAAAAAAAP9tjTEOwjAUQ3+LOrAycohUgoEBMXWNsnCC0ISQNvq//KS0EyfiatyBlkpMeLBsS9Z7vaGIDCdiJxqLrcdYe9GF3k1JDMTtNdAgGrqImjBSsELZQZGx1VIVJQuLshxWEtYW60DRo0uwkY1+6DJodOU58bQdJeTe3OEJmZzISXP6lpFhe+tNJPxx/gJg7BLkh91s+/lZfAARKflFwgAAAA==[0m[Pipeline] { (Test Selenium)
[8mha:////4Br42ZHiZasYSL+b3kXgo7jJHqX3B6p9u+DqviIuVaqoAAAApR+LCAAAAAAAAP9tjTEOwjAQBC9BFLSUPOJSgESBqNJabniBiY1xYt0Z2yGpeBFf4w8EIlGxxWpnm3m+YJkiHDlabA11jlLjMPjeTgsHjt3F84Atn7FhSuwNSjNI1qaeUXI2MKcoYSFgZajxnBzZDGvRqruqvCJbnXKcvoOA0ukbPKAQkzmrmL8wRthce52Yfp6/AhhDhnK//dQuvAE/wUw2vgAAAA==[0m[Pipeline] tool
[8mha:////4Iwo6uDJqlp1IQB/VSN/wGnyjkR2h8I2efzzTgUVxuuSAAAApR+LCAAAAAAAAP9tjTEOwjAQBC9BFLSUPOJSIESBqNJabniBiY1xYt0Z2yGpeBFf4w8EIlGxxWpnm3m+YJkiHDlabA11jlLjMPjeTgsHjt3F84Atn7FhSuwNSjNI1qaeUXI2MKcoYSFgZajxnBzZDGvRqruqvCJbnXKcvoOA0ukbPKAQkzmrmL8wRthce52Yfp6/AhhDhnK//dQuvAF+8FcvvgAAAA==[0m[Pipeline] envVarsForTool
[8mha:////4KzSYUZJ3IkYrNN1npF2z7sM2yP5BGJJVTOrdTjuRmzSAAAAqB+LCAAAAAAAAP9tjTEOwjAUQ3+LOrAycoh0QIIBMXWNsnCC0ISQNvq//KS0EyfiatyBlkpMeLBsS9Z7vaGIDCdiJxqLrcdYe9GF3k1JDMTtNdAgGrqImjBSsELZQZGx1VIVJQuLshxWEtYW60DRo0uwkY1+6DJodOU58bQdJeTe3OEJmZzISXP6lpFhe+tNJPxx/gJg7BLkh91s+/lZfABiZ7rUwgAAAA==[0m[Pipeline] withEnv
[8mha:////4JJAxEl39wakPjqbOYpLh7hDT15T5AuN2HdrBr0Fz+mCAAAAph+LCAAAAAAAAP9tjTEOwjAUQ3+DOrAycoh0owNiYo26cILQhJA0+r9NUtKJE3E17kBLJSY8WLYl673eUMYAJwqGO42dxdha3vvRzIlnCt3NU+aOrrwljOQ1b3RuSOnzWhtKGlYVDDYCthpbT9GiSbATTj5k5SWa6pLCvB0FMKsGeEIhZnKSIX3LFGB/H1Uk/HH+AmDqE7D6sFi9PMsPhRixbsIAAAA=[0m[Pipeline] {
[8mha:////4OEisG6lRJS/OLTWCY9jsOkiMk11lwnyGikaRujnjEdvAAAAox+LCAAAAAAAAP9tjTESwiAURH/iWNhaeghSxhnHypah8QSYIEKY/wkQSeWJvJp3EM2MlVvs7NvmPV+wjgGOFDSzCgeDsTPMu0mXxTKF4eooM0sX1hFGcooJlQX16rSgoKRgSVXDisNGYecoGtQJttzKu2ycRN2cUyjfgUNt+hEeUPFiTjKkL8wBdrepj4Q/z18BzD5B3baf2vs3IKq2br4AAAA=[0m[Pipeline] sh
+ mvn test -Pselenium
[INFO] Scanning for projects...
[INFO] 
[INFO] --------------------------< pl.pandait:panda >--------------------------
[INFO] Building panda 0.0.1
[INFO] --------------------------------[ jar ]---------------------------------
[INFO] 
[INFO] --- maven-resources-plugin:3.1.0:resources (default-resources) @ panda ---
[INFO] Using 'UTF-8' encoding to copy filtered resources.
[INFO] Copying 1 resource
[INFO] Copying 2 resources
[INFO] 
[INFO] --- maven-compiler-plugin:3.8.1:compile (default-compile) @ panda ---
[INFO] Nothing to compile - all classes are up to date
[INFO] 
[INFO] --- maven-compiler-plugin:3.8.1:compile (default) @ panda ---
[INFO] Nothing to compile - all classes are up to date
[INFO] 
[INFO] --- maven-resources-plugin:3.1.0:testResources (default-testResources) @ panda ---
[INFO] Using 'UTF-8' encoding to copy filtered resources.
[INFO] skip non existing resourceDirectory /home/workspace/20210623-CICD5_2-Panda_Application/src/test/resources
[INFO] 
[INFO] --- maven-compiler-plugin:3.8.1:testCompile (default-testCompile) @ panda ---
[INFO] Nothing to compile - all classes are up to date
[INFO] 
[INFO] --- maven-surefire-plugin:2.22.2:test (default-test) @ panda ---
[INFO] 
[INFO] -------------------------------------------------------
[INFO]  T E S T S
[INFO] -------------------------------------------------------
[INFO] Running pl.pandait.panda.PandaApplicationSeleniumTest
Jan 03, 2022 8:27:06 PM org.openqa.selenium.remote.DesiredCapabilities firefox
INFO: Using `new FirefoxOptions()` is preferred to `DesiredCapabilities.firefox()`
Jan 03, 2022 8:32:07 PM org.openqa.selenium.remote.DesiredCapabilities firefox
INFO: Using `new FirefoxOptions()` is preferred to `DesiredCapabilities.firefox()`
[ERROR] Tests run: 2, Failures: 0, Errors: 2, Skipped: 0, Time elapsed: 600.991 s <<< FAILURE! - in pl.pandait.panda.PandaApplicationSeleniumTest
[ERROR] greetings_shouldOpenMainPageThenReturnWelcomeText  Time elapsed: 300.857 s  <<< ERROR!
org.openqa.selenium.SessionNotCreatedException: 
Unable to create new remote session. desired capabilities = Capabilities {acceptInsecureCerts: true, browserName: firefox, platform: LINUX, version: }
Build info: version: '3.141.59', revision: 'e82be7d358', time: '2018-11-14T08:17:03'
System info: host: '53a4ff6799f8', ip: '172.19.0.5', os.name: 'Linux', os.arch: 'amd64', os.version: '4.15.0-128-generic', java.version: '11.0.11'
Driver info: driver.version: RemoteWebDriver
	at pl.pandait.panda.PandaApplicationSeleniumTest.startup(PandaApplicationSeleniumTest.java:36)

[ERROR] greetings_shouldOpenSubpageThenReturnGreetingsText  Time elapsed: 300.127 s  <<< ERROR!
org.openqa.selenium.SessionNotCreatedException: 
Unable to create new remote session. desired capabilities = Capabilities {acceptInsecureCerts: true, browserName: firefox, platform: LINUX, version: }
Build info: version: '3.141.59', revision: 'e82be7d358', time: '2018-11-14T08:17:03'
System info: host: '53a4ff6799f8', ip: '172.19.0.5', os.name: 'Linux', os.arch: 'amd64', os.version: '4.15.0-128-generic', java.version: '11.0.11'
Driver info: driver.version: RemoteWebDriver
	at pl.pandait.panda.PandaApplicationSeleniumTest.startup(PandaApplicationSeleniumTest.java:36)

[INFO] 
[INFO] Results:
[INFO] 
[ERROR] Errors: 
[ERROR]   PandaApplicationSeleniumTest.startup:36 ? SessionNotCreated Unable to create n...
[ERROR]   PandaApplicationSeleniumTest.startup:36 ? SessionNotCreated Unable to create n...
[INFO] 
[ERROR] Tests run: 2, Failures: 0, Errors: 2, Skipped: 0
[INFO] 
[INFO] ------------------------------------------------------------------------
[INFO] BUILD FAILURE
[INFO] ------------------------------------------------------------------------
[INFO] Total time:  10:03 min
[INFO] Finished at: 2022-01-03T20:37:07Z
[INFO] ------------------------------------------------------------------------
[ERROR] Failed to execute goal org.apache.maven.plugins:maven-surefire-plugin:2.22.2:test (default-test) on project panda: There are test failures.
[ERROR] 
[ERROR] Please refer to /home/workspace/20210623-CICD5_2-Panda_Application/target/surefire-reports for the individual test results.
[ERROR] Please refer to dump files (if any exist) [date].dump, [date]-jvmRun[N].dump and [date].dumpstream.
[ERROR] -> [Help 1]
[ERROR] 
[ERROR] To see the full stack trace of the errors, re-run Maven with the -e switch.
[ERROR] Re-run Maven using the -X switch to enable full debug logging.
[ERROR] 
[ERROR] For more information about the errors and possible solutions, please read the following articles:
[ERROR] [Help 1] http://cwiki.apache.org/confluence/display/MAVEN/MojoFailureException
[8mha:////4Hz8Hwe/tR4GxYgWKjMvw/y+Jye/vs9Xguk4CNpAvQyaAAAAox+LCAAAAAAAAP9tjTESwiAURH/iWNhaeghSZhzHypah8QSYIEKY/wkQSeWJvJp3EM2MlVvs7NvmPV+wjgGOFDSzCgeDsTPMu0mXxTKF4eooM0sX1hFGcooJlQX16rSgoKRgSVXDisNGYecoGtQJttzKu2ycRN2cUyjfgUNt+hEeUPFiTjKkL8wBdrepj4Q/z18BzN4nqNv9p9o3bvELmr4AAAA=[0m[Pipeline] }
[8mha:////4Pw1parOoAHBWN84jB+48KTFp70oaVcK8u50w3eCmj0oAAAApR+LCAAAAAAAAP9tjTEOwjAQBC9BFLSUPOJCBUgoFa3lhheYxBgn1l2wHZyKF/E1/oBFJCq2WO1sM683LIOHmr3BTlNvKTQWBzeavDCx76+OE3Z8wYYpsNModZLc6tOMkqOGOUUJCwErTY3jYMlEWItOPVTlFJnqHH3+jgJK297hCYXI5qh8/MLkYXMb28D08/wVwDQMEcrDNtd+9wHZ4Es8vgAAAA==[0m[Pipeline] // withEnv
[8mha:////4OpoXpftnyUMxmryYmb+tlP+bjdZTkcE8uP16fUMZPAFAAAAph+LCAAAAAAAAP9tjTEOwjAQBC9BFLSUPOIiRAESSkVrueEFJjHGiXUXbAen4kV8jT9gEYmKLVY728zrDcvgoWZvsNPUWwqNxcGNJi9M7Pur44QdX7BhCuw0Sp0kt/o0o+SoYU5RwkLASlPjOFgyEdaiUw9VOUWmOkefv6OA0rZ3eEIhsjkqH78wedjcxjYw/Tx/BTANQ4TysM21330A88d9h74AAAA=[0m[Pipeline] }
[8mha:////4JD5F9YCsf+SqAa0bBAhlJ0hNB65LADqWA0mNHR8HYRAAAAApR+LCAAAAAAAAP9tjTEOwjAQBC9BFLSUPOIipQEJUaW10vACExvjxLoztkNS8SK+xh+wiETFFqudbeb1hnUMcOJgsNc0WIqdRe9GkxdOHIar4wl7vmDHFNlpbPXUstLNgi0nDUuKElYCNpo6x9GSSbAVvXzIykky1TmF/B0FlFbd4QmFyOYkQ/rCHGB3G1Vk+nn+CmD2PkF5qHPt6w/Lhe52vgAAAA==[0m[Pipeline] // stage
[8mha:////4HIOy3Z+mAuPm9Aj/eb3WnUVATjt7zWIy1tNRse8uotYAAAAqB+LCAAAAAAAAP9tjUEKwjAURH8rXbh16SFSRBBBunIbuvEEsYkxafi/JqnpyhN5Ne9gtODKWQwzA8N7vqAKHhrymlmFvcHQGTa4UefEEvn+4igxS2fWEQZyirUqtSTVca4tRQWzihIWHJYKO0fBoI6w4lbcRe0E6voUfd4OHEojb/CAgmdyFD5+y+RhfR1lIPxx/gJgGiKUm122/fbzrN6aj1XswgAAAA==[0m[Pipeline] stage
[8mha:////4BNfsm4iKBjWuZGifSCDxj/5eUCjThZE3mtV038Y3JyjAAAAqB+LCAAAAAAAAP9tjTEOwjAUQ3+LOrAycoh0gAEJMXWNsnCC0ISQNvq//KS0EyfiatyBlkpMeLBsS9Z7vaGIDCdiJxqLrcdYe9GF3k1JDMTtNdAgGrqImjBSsELZQZGx1VIVJQuLshxWEtYW60DRo0uwkY1+6DJodOU58bQdJeTe3OEJmZzISXP6lpFhe+tNJPxx/gJg7BLkh91s+/lZfADxKa4dwgAAAA==[0m[Pipeline] { (Deploy jar to artifactory)
Stage "Deploy jar to artifactory" skipped due to earlier failure(s)
[8mha:////4DBXgUv8njRN0SSxWHvMOKUgaXhfa6Op0u08sT4OI+rmAAAApR+LCAAAAAAAAP9tjTEOwjAQBC9BFLSUPOLSgISEqNJabniBiY1xYt0Z2yGpeBFf4w8EIlGxxWpnm3m+YJkiHDlabA11jlLjMPjeTgsHjt3F84Atn7FhSuwNSjNI1qaeUXI2MKcoYSFgZajxnBzZDGvRqruqvCJbnXKcvoOA0ukbPKAQkzmrmL8wRthce52Yfp6/AhhDyFDud5/avgGJDBAFvgAAAA==[0m[Pipeline] }
[8mha:////4BCg4ilEIE16zPzIEElTd/Uo9h7dWiVUYbVkgP6lYkaYAAAApR+LCAAAAAAAAP9tjTEOwjAQBC9BFLSUPOJSICEkRJXWcsMLTGyME+vO2A5JxYv4Gn8gEImKLVY728zzBcsU4cjRYmuoc5Qah8H3dlo4cOwungds+YwNU2JvUJpBsjb1jJKzgTlFCQsBK0ON5+TIZliLVt1V5RXZ6pTj9B0ElE7f4AGFmMxZxfyFMcLm2uvE9PP8FcAYQoZyv/vU9g2E6+AdvgAAAA==[0m[Pipeline] // stage
[8mha:////4OhcvirWY72klwxLX9JwoL0wjJgsFQqMHO5iq/Rk6uEgAAAApR+LCAAAAAAAAP9tjTEOwjAQBC9BFLSUPOIiGkBCqWgtN7zAJMY4se6C7eBUvIiv8QcsIlGxxWpnm3m9YRk81OwNdpp6S6GxOLjR5IWJfX91nLDjCzZMgZ1GqZPkVp9mlBw1zClKWAhYaWocB0smwlp06qEqp8hU5+jzdxRQ2vYOTyhENkfl4xcmD5vb2Aamn+evAKZhiFAe9rm2uw/ndxR3vgAAAA==[0m[Pipeline] }
[8mha:////4If4slj9jI5Ks+I3SoWB5V/6216dKjsoWg6YXJfd4PM0AAAAph+LCAAAAAAAAP9tjTEOwjAQBC9BFLSUPOIiCqRIiCqtlYYXmNgYJ9adsR2SihfxNf6ARSQqtljtbDOvN6xjgBMHg72mwVLsLHo3mrxw4jBcHU/Y8wU7pshOY6unlpVuFmw5aVhSlLASsNHUOY6WTIKt6OVDVk6Sqc4p5O8ooLTqDk8oRDYnGdIX5gC726gi08/zVwCz9wnKus61P3wAiJRLH74AAAA=[0m[Pipeline] // withEnv
[8mha:////4BjAaDG5fopW/yzp855aRK7LsDGBvumEnBa37lZeJQ7JAAAAoh+LCAAAAAAAAP9tjTESgjAQRT84FraWHiK0OI6VbYbGE0SIMZDZxWQRKk/k1byDjMxY+av/XvNeb6xTxJGjU62lzlOqverD4OanRo7dNfCoWr6omilxsKqyY8WNPS1YsVgsy3KsNDaW6sDJkxNsdWsepgiGXHGWOLuDRu6bO57I9FwWE+ULU8TuNjSJ6df5G8DU94K83Auy8gMXVOzxvQAAAA==[0m[Pipeline] }
[8mha:////4O306NlXpFrZplwG8QNF6cPTU62xPxQhE2i4rIoNK1/3AAAAox+LCAAAAAAAAP9tjTEOwjAQBDdBFLSUPMKhQwhR0VppeIFJjHFi3QX7QlLxIr7GH4iIRMVWO9PM641lijhydKqx1HpKlVdd6N301MCxvQYeVMMXVTElDlaVdii5tqcZSxaLeVmOhcbKUhU4eXKCtW7MwxTBkCvOEid30Mh9fccTmZ7KYqJ8YYzY3Po6Mf06fwMYu06Q77eCbPcBUvgfp70AAAA=[0m[Pipeline] // withEnv
[8mha:////4MezPU5LIjAYTspO4wQ5phQp6p9aoxbAIC1xo6Wqix3tAAAApB+LCAAAAAAAAP9tjTEOwjAQBDdBFLSUPMIREg1CVLRWGl5gEmOcWHfBvpBUvIiv8QciIlGx1c4083pjmSKOHJ1qLLWeUuVVF3o3PTVwbK+BB9XwRVVMiYNVpR1Kru1pxpLFYl6WY6GxslQFTp6cYK0b8zBFMOSKs8TJHTRyX9/xRKanspgoXxgjNre+Tky/zt8Axq4T5PutINt9AFiAdgO9AAAA[0m[Pipeline] }
[8mha:////4Bp1FbkW/teekww9K5gYhUoFePNUB8r7dfrQAUiY2WS+AAAAox+LCAAAAAAAAP9tjTEOwjAQBDdBFLSUPMKRoEKIitZKwwtMYowT6y7YF5KKF/E1/kBEJCq22plmXm8sU8SRo1ONpdZTqrzqQu+mpwaO7TXwoBq+qIopcbCqtEPJtT3NWLJYzMtyLDRWlqrAyZMTrHVjHqYIhlxxlji5g0bu6zueyPRUFhPlC2PE5tbXienX+RvA2HWCfL8VZLsPK2+y2r0AAAA=[0m[Pipeline] // node
[8mha:////4Pb/zbne1Ex5ilStVvLmjs1KHCGUGJjtnn2TlJ8qdKqXAAAAox+LCAAAAAAAAP9tjTEOwjAQBDdBFLSUPMKRoEKIitZKwwtMYowT6y7YF5KKF/E1/kBEJCq22plmXm8sU8SRo1ONpdZTqrzqQu+mpwaO7TXwoBq+qIopcbCqtEPJtT3NWLJYzMtyLDRWlqrAyZMTrHVjHqYIhlxxlji5g0bu6zueyPRUFhPlC2PE5tbXienX+RvA2HWCfL8TZNsPDXbVkL0AAAA=[0m[Pipeline] End of Pipeline
ERROR: script returned exit code 1
Finished: FAILURE
